<?xml version="1.0" encoding="UTF-8"?>
<testng-results ignored="0" total="1" passed="1" failed="0" skipped="0">
  <reporter-output>
  </reporter-output>
  <suite started-at="2021-03-05T17:44:48 IST" name="Default suite" finished-at="2021-03-05T17:45:54 IST" duration-ms="65217">
    <groups>
    </groups>
    <test started-at="2021-03-05T17:44:48 IST" name="Default test" finished-at="2021-03-05T17:45:54 IST" duration-ms="65217">
      <class name="Project.AddEditEmployeeDetails.EmployeeDetails$LoginTest">
        <test-method is-config="true" signature="openBrowser()[pri:0, instance:Project.AddEditEmployeeDetails.EmployeeDetails$LoginTest@49dc7102]" started-at="2021-03-05T17:44:48 IST" name="openBrowser" finished-at="2021-03-05T17:44:53 IST" duration-ms="4466" status="PASS">
          <reporter-output>
          </reporter-output>
        </test-method> <!-- openBrowser -->
        <test-method signature="LoginOrangeHRM()[pri:0, instance:Project.AddEditEmployeeDetails.EmployeeDetails$LoginTest@49dc7102]" started-at="2021-03-05T17:44:53 IST" name="LoginOrangeHRM" finished-at="2021-03-05T17:45:53 IST" duration-ms="59772" status="PASS">
          <reporter-output>
          </reporter-output>
        </test-method> <!-- LoginOrangeHRM -->
        <test-method is-config="true" signature="closeBrowser()[pri:0, instance:Project.AddEditEmployeeDetails.EmployeeDetails$LoginTest@49dc7102]" started-at="2021-03-05T17:45:53 IST" name="closeBrowser" finished-at="2021-03-05T17:45:54 IST" duration-ms="863" status="PASS">
          <reporter-output>
          </reporter-output>
        </test-method> <!-- closeBrowser -->
      </class> <!-- Project.AddEditEmployeeDetails.EmployeeDetails$LoginTest -->
    </test> <!-- Default test -->
  </suite> <!-- Default suite -->
</testng-results>
